<?xml version="1.0" encoding="UTF-8"?>
<!-- Generated by org.testng.reporters.JUnitXMLReporter -->
<testsuite ignored="0" hostname="DESKTOP-5V553F8" failures="0" tests="5" name="Test1" time="0.109" errors="0" timestamp="2025-10-25T11:31:52 IST">
  <testcase classname="automationTestCase.TestngBase" name="@BeforeMethod initializeBrowser" time="0.014">
    <failure type="java.lang.IllegalArgumentException" message="Unsupported browser: firefox">
      <![CDATA[java.lang.IllegalArgumentException: Unsupported browser: firefox
at automationTestCase.TestngBase.initializeBrowser(TestngBase.java:23)
at java.base/java.util.concurrent.Executors$RunnableAdapter.call(Executors.java:572)
at java.base/java.util.concurrent.FutureTask.run(FutureTask.java:317)
at java.base/java.util.concurrent.ThreadPoolExecutor.runWorker(ThreadPoolExecutor.java:1144)
at java.base/java.util.concurrent.ThreadPoolExecutor$Worker.run(ThreadPoolExecutor.java:642)
at java.base/java.lang.Thread.run(Thread.java:1583)
... Removed 15 stack frames]]>
    </failure>
  </testcase> <!-- @BeforeMethod initializeBrowser -->
  <testcase classname="automationTestCase.TestngBase" name="@AfterMethod tearDown" time="0.0">
    <skipped/>
  </testcase> <!-- @AfterMethod tearDown -->
  <testcase classname="automationTestCase.TestngBase" name="@BeforeMethod initializeBrowser" time="0.0">
    <skipped/>
  </testcase> <!-- @BeforeMethod initializeBrowser -->
  <testcase classname="automationTestCase.TestngBase" name="@AfterMethod tearDown" time="0.0">
    <skipped/>
  </testcase> <!-- @AfterMethod tearDown -->
  <testcase classname="automationTestCase.TestngBase" name="@BeforeMethod initializeBrowser" time="0.0">
    <skipped/>
  </testcase> <!-- @BeforeMethod initializeBrowser -->
  <testcase classname="automationTestCase.TestngBase" name="@AfterMethod tearDown" time="0.0">
    <skipped/>
  </testcase> <!-- @AfterMethod tearDown -->
  <testcase classname="automationTestCase.TestngBase" name="@BeforeMethod initializeBrowser" time="0.0">
    <skipped/>
  </testcase> <!-- @BeforeMethod initializeBrowser -->
  <testcase classname="automationTestCase.TestngBase" name="@AfterMethod tearDown" time="0.0">
    <skipped/>
  </testcase> <!-- @AfterMethod tearDown -->
  <testcase classname="automationTestCase.TestngBase" name="@BeforeMethod initializeBrowser" time="0.0">
    <skipped/>
  </testcase> <!-- @BeforeMethod initializeBrowser -->
  <testcase classname="automationTestCase.TestngBase" name="@AfterMethod tearDown" time="0.0">
    <skipped/>
  </testcase> <!-- @AfterMethod tearDown -->
  <testcase classname="testscript.LoginTestCase" name="validateUserloginWithValidCredentials" time="0.0">
    <skipped/>
  </testcase> <!-- validateUserloginWithValidCredentials -->
  <testcase classname="testscript.LoginTestCase" name="valideUserLoginWithValidUsernameInvalidPassword" time="0.0">
    <skipped/>
  </testcase> <!-- valideUserLoginWithValidUsernameInvalidPassword -->
  <testcase classname="testscript.LoginTestCase" name="validateUserLoginWithInvalidUsernameValidPAssword" time="0.0">
    <skipped/>
  </testcase> <!-- validateUserLoginWithInvalidUsernameValidPAssword -->
  <testcase classname="testscript.LoginTestCase" name="validateUserLoginWithInvalidUsernameinValidPAssword" time="0.0">
    <skipped/>
  </testcase> <!-- validateUserLoginWithInvalidUsernameinValidPAssword -->
  <testcase classname="testscript.LoginTestCase" name="validateUserLoginWithInvalidUsernameinValidPAssword" time="0.0">
    <skipped/>
  </testcase> <!-- validateUserLoginWithInvalidUsernameinValidPAssword -->
</testsuite> <!-- Test1 -->
